mode: set
github.com/snapp-incubator/sops-operator/api/v1alpha1/sopssecret_types.go:74.13,76.2 1 1
github.com/snapp-incubator/sops-operator/api/v1alpha1/sopssecret_webhook.go:31.70,35.2 1 1
github.com/snapp-incubator/sops-operator/api/v1alpha1/sopssecret_webhook.go:44.32,46.2 1 1
github.com/snapp-incubator/sops-operator/api/v1alpha1/sopssecret_webhook.go:54.45,56.47 2 1
github.com/snapp-incubator/sops-operator/api/v1alpha1/sopssecret_webhook.go:61.2,61.12 1 1
github.com/snapp-incubator/sops-operator/api/v1alpha1/sopssecret_webhook.go:56.47,58.3 1 1
github.com/snapp-incubator/sops-operator/api/v1alpha1/sopssecret_webhook.go:65.63,67.47 2 0
github.com/snapp-incubator/sops-operator/api/v1alpha1/sopssecret_webhook.go:72.2,72.12 1 0
github.com/snapp-incubator/sops-operator/api/v1alpha1/sopssecret_webhook.go:67.47,69.3 1 0
github.com/snapp-incubator/sops-operator/api/v1alpha1/sopssecret_webhook.go:76.45,81.2 2 0
github.com/snapp-incubator/sops-operator/api/v1alpha1/sopssecret_webhook.go:83.49,84.32 1 1
github.com/snapp-incubator/sops-operator/api/v1alpha1/sopssecret_webhook.go:87.2,87.33 1 1
github.com/snapp-incubator/sops-operator/api/v1alpha1/sopssecret_webhook.go:90.2,90.12 1 1
github.com/snapp-incubator/sops-operator/api/v1alpha1/sopssecret_webhook.go:84.32,86.3 1 1
github.com/snapp-incubator/sops-operator/api/v1alpha1/sopssecret_webhook.go:87.33,89.3 1 1
github.com/snapp-incubator/sops-operator/api/v1alpha1/zz_generated.deepcopy.go:29.47,31.2 1 0
github.com/snapp-incubator/sops-operator/api/v1alpha1/zz_generated.deepcopy.go:34.40,35.15 1 0
github.com/snapp-incubator/sops-operator/api/v1alpha1/zz_generated.deepcopy.go:38.2,40.12 3 0
github.com/snapp-incubator/sops-operator/api/v1alpha1/zz_generated.deepcopy.go:35.15,37.3 1 0
github.com/snapp-incubator/sops-operator/api/v1alpha1/zz_generated.deepcopy.go:44.57,46.2 1 0
github.com/snapp-incubator/sops-operator/api/v1alpha1/zz_generated.deepcopy.go:49.50,50.15 1 0
github.com/snapp-incubator/sops-operator/api/v1alpha1/zz_generated.deepcopy.go:53.2,55.12 3 0
github.com/snapp-incubator/sops-operator/api/v1alpha1/zz_generated.deepcopy.go:50.15,52.3 1 0
github.com/snapp-incubator/sops-operator/api/v1alpha1/zz_generated.deepcopy.go:59.45,65.2 5 1
github.com/snapp-incubator/sops-operator/api/v1alpha1/zz_generated.deepcopy.go:68.38,69.15 1 1
github.com/snapp-incubator/sops-operator/api/v1alpha1/zz_generated.deepcopy.go:72.2,74.12 3 1
github.com/snapp-incubator/sops-operator/api/v1alpha1/zz_generated.deepcopy.go:69.15,71.3 1 0
github.com/snapp-incubator/sops-operator/api/v1alpha1/zz_generated.deepcopy.go:78.51,79.34 1 1
github.com/snapp-incubator/sops-operator/api/v1alpha1/zz_generated.deepcopy.go:82.2,82.12 1 0
github.com/snapp-incubator/sops-operator/api/v1alpha1/zz_generated.deepcopy.go:79.34,81.3 1 1
github.com/snapp-incubator/sops-operator/api/v1alpha1/zz_generated.deepcopy.go:86.53,90.21 4 0
github.com/snapp-incubator/sops-operator/api/v1alpha1/zz_generated.deepcopy.go:90.21,93.22 3 0
github.com/snapp-incubator/sops-operator/api/v1alpha1/zz_generated.deepcopy.go:93.22,95.4 1 0
github.com/snapp-incubator/sops-operator/api/v1alpha1/zz_generated.deepcopy.go:100.46,101.15 1 0
github.com/snapp-incubator/sops-operator/api/v1alpha1/zz_generated.deepcopy.go:104.2,106.12 3 0
github.com/snapp-incubator/sops-operator/api/v1alpha1/zz_generated.deepcopy.go:101.15,103.3 1 0
github.com/snapp-incubator/sops-operator/api/v1alpha1/zz_generated.deepcopy.go:110.55,111.34 1 0
github.com/snapp-incubator/sops-operator/api/v1alpha1/zz_generated.deepcopy.go:114.2,114.12 1 0
github.com/snapp-incubator/sops-operator/api/v1alpha1/zz_generated.deepcopy.go:111.34,113.3 1 0
github.com/snapp-incubator/sops-operator/api/v1alpha1/zz_generated.deepcopy.go:118.53,120.2 1 0
github.com/snapp-incubator/sops-operator/api/v1alpha1/zz_generated.deepcopy.go:123.46,124.15 1 0
github.com/snapp-incubator/sops-operator/api/v1alpha1/zz_generated.deepcopy.go:127.2,129.12 3 0
github.com/snapp-incubator/sops-operator/api/v1alpha1/zz_generated.deepcopy.go:124.15,126.3 1 0
github.com/snapp-incubator/sops-operator/api/v1alpha1/zz_generated.deepcopy.go:133.57,135.2 1 0
github.com/snapp-incubator/sops-operator/api/v1alpha1/zz_generated.deepcopy.go:138.50,139.15 1 0
github.com/snapp-incubator/sops-operator/api/v1alpha1/zz_generated.deepcopy.go:142.2,144.12 3 0
github.com/snapp-incubator/sops-operator/api/v1alpha1/zz_generated.deepcopy.go:139.15,141.3 1 0
github.com/snapp-incubator/sops-operator/api/v1alpha1/zz_generated.deepcopy.go:148.61,150.2 1 0
github.com/snapp-incubator/sops-operator/api/v1alpha1/zz_generated.deepcopy.go:153.54,154.15 1 0
github.com/snapp-incubator/sops-operator/api/v1alpha1/zz_generated.deepcopy.go:157.2,159.12 3 0
github.com/snapp-incubator/sops-operator/api/v1alpha1/zz_generated.deepcopy.go:154.15,156.3 1 0
github.com/snapp-incubator/sops-operator/api/v1alpha1/zz_generated.deepcopy.go:163.55,165.2 1 0
github.com/snapp-incubator/sops-operator/api/v1alpha1/zz_generated.deepcopy.go:168.48,169.15 1 0
github.com/snapp-incubator/sops-operator/api/v1alpha1/zz_generated.deepcopy.go:172.2,174.12 3 0
github.com/snapp-incubator/sops-operator/api/v1alpha1/zz_generated.deepcopy.go:169.15,171.3 1 0
github.com/snapp-incubator/sops-operator/api/v1alpha1/zz_generated.deepcopy.go:178.55,180.2 1 0
github.com/snapp-incubator/sops-operator/api/v1alpha1/zz_generated.deepcopy.go:183.48,184.15 1 0
github.com/snapp-incubator/sops-operator/api/v1alpha1/zz_generated.deepcopy.go:187.2,189.12 3 0
github.com/snapp-incubator/sops-operator/api/v1alpha1/zz_generated.deepcopy.go:184.15,186.3 1 0
github.com/snapp-incubator/sops-operator/api/v1alpha1/zz_generated.deepcopy.go:193.55,195.2 1 0
github.com/snapp-incubator/sops-operator/api/v1alpha1/zz_generated.deepcopy.go:198.48,199.15 1 0
github.com/snapp-incubator/sops-operator/api/v1alpha1/zz_generated.deepcopy.go:202.2,204.12 3 0
github.com/snapp-incubator/sops-operator/api/v1alpha1/zz_generated.deepcopy.go:199.15,201.3 1 0
github.com/snapp-incubator/sops-operator/api/v1alpha1/zz_generated.deepcopy.go:208.57,210.22 2 1
github.com/snapp-incubator/sops-operator/api/v1alpha1/zz_generated.deepcopy.go:215.2,215.19 1 1
github.com/snapp-incubator/sops-operator/api/v1alpha1/zz_generated.deepcopy.go:220.2,220.24 1 1
github.com/snapp-incubator/sops-operator/api/v1alpha1/zz_generated.deepcopy.go:225.2,225.23 1 1
github.com/snapp-incubator/sops-operator/api/v1alpha1/zz_generated.deepcopy.go:230.2,230.22 1 1
github.com/snapp-incubator/sops-operator/api/v1alpha1/zz_generated.deepcopy.go:235.2,235.19 1 1
github.com/snapp-incubator/sops-operator/api/v1alpha1/zz_generated.deepcopy.go:210.22,214.3 3 0
github.com/snapp-incubator/sops-operator/api/v1alpha1/zz_generated.deepcopy.go:215.19,219.3 3 0
github.com/snapp-incubator/sops-operator/api/v1alpha1/zz_generated.deepcopy.go:220.24,224.3 3 0
github.com/snapp-incubator/sops-operator/api/v1alpha1/zz_generated.deepcopy.go:225.23,229.3 3 0
github.com/snapp-incubator/sops-operator/api/v1alpha1/zz_generated.deepcopy.go:230.22,234.3 3 0
github.com/snapp-incubator/sops-operator/api/v1alpha1/zz_generated.deepcopy.go:235.19,239.3 3 0
github.com/snapp-incubator/sops-operator/api/v1alpha1/zz_generated.deepcopy.go:243.50,244.15 1 0
github.com/snapp-incubator/sops-operator/api/v1alpha1/zz_generated.deepcopy.go:247.2,249.12 3 0
github.com/snapp-incubator/sops-operator/api/v1alpha1/zz_generated.deepcopy.go:244.15,246.3 1 0
github.com/snapp-incubator/sops-operator/api/v1alpha1/zz_generated.deepcopy.go:253.53,260.2 6 1
github.com/snapp-incubator/sops-operator/api/v1alpha1/zz_generated.deepcopy.go:263.46,264.15 1 1
github.com/snapp-incubator/sops-operator/api/v1alpha1/zz_generated.deepcopy.go:267.2,269.12 3 1
github.com/snapp-incubator/sops-operator/api/v1alpha1/zz_generated.deepcopy.go:264.15,266.3 1 0
github.com/snapp-incubator/sops-operator/api/v1alpha1/zz_generated.deepcopy.go:273.55,274.34 1 1
github.com/snapp-incubator/sops-operator/api/v1alpha1/zz_generated.deepcopy.go:277.2,277.12 1 0
github.com/snapp-incubator/sops-operator/api/v1alpha1/zz_generated.deepcopy.go:274.34,276.3 1 1
github.com/snapp-incubator/sops-operator/api/v1alpha1/zz_generated.deepcopy.go:281.61,285.21 4 0
github.com/snapp-incubator/sops-operator/api/v1alpha1/zz_generated.deepcopy.go:285.21,288.22 3 0
github.com/snapp-incubator/sops-operator/api/v1alpha1/zz_generated.deepcopy.go:288.22,290.4 1 0
github.com/snapp-incubator/sops-operator/api/v1alpha1/zz_generated.deepcopy.go:295.54,296.15 1 0
github.com/snapp-incubator/sops-operator/api/v1alpha1/zz_generated.deepcopy.go:299.2,301.12 3 0
github.com/snapp-incubator/sops-operator/api/v1alpha1/zz_generated.deepcopy.go:296.15,298.3 1 0
github.com/snapp-incubator/sops-operator/api/v1alpha1/zz_generated.deepcopy.go:305.59,306.34 1 0
github.com/snapp-incubator/sops-operator/api/v1alpha1/zz_generated.deepcopy.go:309.2,309.12 1 0
github.com/snapp-incubator/sops-operator/api/v1alpha1/zz_generated.deepcopy.go:306.34,308.3 1 0
github.com/snapp-incubator/sops-operator/api/v1alpha1/zz_generated.deepcopy.go:313.61,315.26 2 1
github.com/snapp-incubator/sops-operator/api/v1alpha1/zz_generated.deepcopy.go:315.26,318.29 3 0
github.com/snapp-incubator/sops-operator/api/v1alpha1/zz_generated.deepcopy.go:318.29,320.4 1 0
github.com/snapp-incubator/sops-operator/api/v1alpha1/zz_generated.deepcopy.go:325.54,326.15 1 0
github.com/snapp-incubator/sops-operator/api/v1alpha1/zz_generated.deepcopy.go:329.2,331.12 3 0
github.com/snapp-incubator/sops-operator/api/v1alpha1/zz_generated.deepcopy.go:326.15,328.3 1 0
github.com/snapp-incubator/sops-operator/api/v1alpha1/zz_generated.deepcopy.go:335.65,337.2 1 0
github.com/snapp-incubator/sops-operator/api/v1alpha1/zz_generated.deepcopy.go:340.58,341.15 1 0
github.com/snapp-incubator/sops-operator/api/v1alpha1/zz_generated.deepcopy.go:344.2,346.12 3 0
github.com/snapp-incubator/sops-operator/api/v1alpha1/zz_generated.deepcopy.go:341.15,343.3 1 0
github.com/snapp-incubator/sops-operator/api/v1alpha1/gpgkey_types.go:64.13,66.2 1 1
github.com/snapp-incubator/sops-operator/api/v1alpha1/gpgkey_webhook.go:37.66,41.2 1 1
github.com/snapp-incubator/sops-operator/api/v1alpha1/gpgkey_webhook.go:50.28,54.2 1 1
github.com/snapp-incubator/sops-operator/api/v1alpha1/gpgkey_webhook.go:62.41,64.43 2 1
github.com/snapp-incubator/sops-operator/api/v1alpha1/gpgkey_webhook.go:69.2,69.12 1 1
github.com/snapp-incubator/sops-operator/api/v1alpha1/gpgkey_webhook.go:64.43,66.3 1 1
github.com/snapp-incubator/sops-operator/api/v1alpha1/gpgkey_webhook.go:73.59,75.43 2 0
github.com/snapp-incubator/sops-operator/api/v1alpha1/gpgkey_webhook.go:80.2,80.12 1 0
github.com/snapp-incubator/sops-operator/api/v1alpha1/gpgkey_webhook.go:75.43,77.3 1 0
github.com/snapp-incubator/sops-operator/api/v1alpha1/gpgkey_webhook.go:84.41,89.2 2 0
github.com/snapp-incubator/sops-operator/api/v1alpha1/gpgkey_webhook.go:91.41,93.65 2 1
github.com/snapp-incubator/sops-operator/api/v1alpha1/gpgkey_webhook.go:96.2,97.69 2 1
github.com/snapp-incubator/sops-operator/api/v1alpha1/gpgkey_webhook.go:102.2,102.12 1 1
github.com/snapp-incubator/sops-operator/api/v1alpha1/gpgkey_webhook.go:93.65,95.3 1 1
github.com/snapp-incubator/sops-operator/api/v1alpha1/gpgkey_webhook.go:97.69,99.3 1 1
github.com/snapp-incubator/sops-operator/api/v1alpha1/gpgkey_webhook.go:99.8,99.117 1 1
github.com/snapp-incubator/sops-operator/api/v1alpha1/gpgkey_webhook.go:99.117,101.3 1 0
github.com/snapp-incubator/sops-operator/api/v1alpha1/gpgkey_webhook.go:105.58,111.2 1 1
github.com/snapp-incubator/sops-operator/controllers/gpgkey_controller.go:62.98,67.16 4 0
github.com/snapp-incubator/sops-operator/controllers/gpgkey_controller.go:71.2,72.29 2 0
github.com/snapp-incubator/sops-operator/controllers/gpgkey_controller.go:75.2,75.27 1 0
github.com/snapp-incubator/sops-operator/controllers/gpgkey_controller.go:67.16,69.3 1 0
github.com/snapp-incubator/sops-operator/controllers/gpgkey_controller.go:72.29,74.3 1 0
github.com/snapp-incubator/sops-operator/controllers/gpgkey_controller.go:78.112,81.16 3 0
github.com/snapp-incubator/sops-operator/controllers/gpgkey_controller.go:85.2,85.27 1 0
github.com/snapp-incubator/sops-operator/controllers/gpgkey_controller.go:81.16,84.3 2 0
github.com/snapp-incubator/sops-operator/controllers/gpgkey_controller.go:88.110,91.16 3 0
github.com/snapp-incubator/sops-operator/controllers/gpgkey_controller.go:98.2,100.16 3 0
github.com/snapp-incubator/sops-operator/controllers/gpgkey_controller.go:107.2,118.16 8 0
github.com/snapp-incubator/sops-operator/controllers/gpgkey_controller.go:124.2,126.14 3 0
github.com/snapp-incubator/sops-operator/controllers/gpgkey_controller.go:91.16,96.3 4 0
github.com/snapp-incubator/sops-operator/controllers/gpgkey_controller.go:100.16,105.3 4 0
github.com/snapp-incubator/sops-operator/controllers/gpgkey_controller.go:118.16,123.3 4 0
github.com/snapp-incubator/sops-operator/controllers/gpgkey_controller.go:129.49,131.2 1 0
github.com/snapp-incubator/sops-operator/controllers/gpgkey_controller.go:133.92,135.16 2 0
github.com/snapp-incubator/sops-operator/controllers/gpgkey_controller.go:146.2,146.36 1 0
github.com/snapp-incubator/sops-operator/controllers/gpgkey_controller.go:135.16,136.25 1 0
github.com/snapp-incubator/sops-operator/controllers/gpgkey_controller.go:136.25,138.19 2 0
github.com/snapp-incubator/sops-operator/controllers/gpgkey_controller.go:141.4,141.38 1 0
github.com/snapp-incubator/sops-operator/controllers/gpgkey_controller.go:138.19,140.5 1 0
github.com/snapp-incubator/sops-operator/controllers/gpgkey_controller.go:142.9,144.4 1 0
github.com/snapp-incubator/sops-operator/controllers/gpgkey_controller.go:149.84,152.16 2 0
github.com/snapp-incubator/sops-operator/controllers/gpgkey_controller.go:155.2,155.15 1 0
github.com/snapp-incubator/sops-operator/controllers/gpgkey_controller.go:159.2,160.16 2 0
github.com/snapp-incubator/sops-operator/controllers/gpgkey_controller.go:164.2,165.16 2 0
github.com/snapp-incubator/sops-operator/controllers/gpgkey_controller.go:168.2,168.12 1 0
github.com/snapp-incubator/sops-operator/controllers/gpgkey_controller.go:152.16,154.3 1 0
github.com/snapp-incubator/sops-operator/controllers/gpgkey_controller.go:155.15,157.3 1 0
github.com/snapp-incubator/sops-operator/controllers/gpgkey_controller.go:160.16,162.3 1 0
github.com/snapp-incubator/sops-operator/controllers/gpgkey_controller.go:165.16,167.3 1 0
github.com/snapp-incubator/sops-operator/controllers/gpgkey_controller.go:172.69,176.2 1 0
github.com/snapp-incubator/sops-operator/controllers/sops_funcs.go:24.75,28.2 1 0
github.com/snapp-incubator/sops-operator/controllers/sops_funcs.go:30.126,36.36 3 0
github.com/snapp-incubator/sops-operator/controllers/sops_funcs.go:43.2,44.26 2 0
github.com/snapp-incubator/sops-operator/controllers/sops_funcs.go:59.2,59.21 1 0
github.com/snapp-incubator/sops-operator/controllers/sops_funcs.go:36.36,38.17 2 0
github.com/snapp-incubator/sops-operator/controllers/sops_funcs.go:41.3,41.38 1 0
github.com/snapp-incubator/sops-operator/controllers/sops_funcs.go:38.17,40.4 1 0
github.com/snapp-incubator/sops-operator/controllers/sops_funcs.go:44.26,45.37 1 0
github.com/snapp-incubator/sops-operator/controllers/sops_funcs.go:48.3,50.17 3 0
github.com/snapp-incubator/sops-operator/controllers/sops_funcs.go:45.37,47.4 1 0
github.com/snapp-incubator/sops-operator/controllers/sops_funcs.go:50.17,52.4 1 0
github.com/snapp-incubator/sops-operator/controllers/sops_funcs.go:53.8,54.22 1 0
github.com/snapp-incubator/sops-operator/controllers/sops_funcs.go:57.3,57.21 1 0
github.com/snapp-incubator/sops-operator/controllers/sops_funcs.go:54.22,56.4 1 0
github.com/snapp-incubator/sops-operator/controllers/sops_funcs.go:62.120,64.28 2 0
github.com/snapp-incubator/sops-operator/controllers/sops_funcs.go:72.2,72.39 1 0
github.com/snapp-incubator/sops-operator/controllers/sops_funcs.go:64.28,66.17 2 0
github.com/snapp-incubator/sops-operator/controllers/sops_funcs.go:66.17,68.4 1 0
github.com/snapp-incubator/sops-operator/controllers/sops_funcs.go:68.9,70.4 1 0
github.com/snapp-incubator/sops-operator/controllers/sops_funcs.go:75.114,82.16 5 0
github.com/snapp-incubator/sops-operator/controllers/sops_funcs.go:85.2,85.17 1 0
github.com/snapp-incubator/sops-operator/controllers/sops_funcs.go:88.2,88.25 1 0
github.com/snapp-incubator/sops-operator/controllers/sops_funcs.go:82.16,84.3 1 0
github.com/snapp-incubator/sops-operator/controllers/sops_funcs.go:85.17,87.3 1 0
github.com/snapp-incubator/sops-operator/controllers/sops_funcs.go:91.95,96.2 4 0
github.com/snapp-incubator/sops-operator/controllers/sops_funcs.go:98.82,100.22 2 0
github.com/snapp-incubator/sops-operator/controllers/sops_funcs.go:105.2,106.78 1 0
github.com/snapp-incubator/sops-operator/controllers/sops_funcs.go:100.22,103.3 1 0
github.com/snapp-incubator/sops-operator/controllers/sops_funcs.go:109.88,123.16 8 0
github.com/snapp-incubator/sops-operator/controllers/sops_funcs.go:126.2,126.28 1 0
github.com/snapp-incubator/sops-operator/controllers/sops_funcs.go:123.16,125.3 1 0
github.com/snapp-incubator/sops-operator/controllers/sops_funcs.go:129.25,131.62 2 0
github.com/snapp-incubator/sops-operator/controllers/sops_funcs.go:134.2,134.15 1 0
github.com/snapp-incubator/sops-operator/controllers/sops_funcs.go:131.62,133.3 1 0
github.com/snapp-incubator/sops-operator/controllers/sops_funcs.go:137.69,142.2 1 0
github.com/snapp-incubator/sops-operator/controllers/sops_funcs.go:146.42,148.2 1 0
github.com/snapp-incubator/sops-operator/controllers/sops_funcs.go:155.55,157.37 2 0
github.com/snapp-incubator/sops-operator/controllers/sops_funcs.go:162.2,162.10 1 0
github.com/snapp-incubator/sops-operator/controllers/sops_funcs.go:157.37,158.15 1 0
github.com/snapp-incubator/sops-operator/controllers/sops_funcs.go:158.15,160.4 1 0
github.com/snapp-incubator/sops-operator/controllers/sops_funcs.go:165.44,169.2 1 0
github.com/snapp-incubator/sops-operator/controllers/sops_funcs.go:171.48,173.39 2 0
github.com/snapp-incubator/sops-operator/controllers/sops_funcs.go:180.2,181.42 2 0
github.com/snapp-incubator/sops-operator/controllers/sops_funcs.go:195.2,198.44 2 0
github.com/snapp-incubator/sops-operator/controllers/sops_funcs.go:173.39,179.3 2 0
github.com/snapp-incubator/sops-operator/controllers/sops_funcs.go:181.42,185.3 1 0
github.com/snapp-incubator/sops-operator/controllers/sops_funcs.go:185.8,194.3 1 0
github.com/snapp-incubator/sops-operator/controllers/sops_funcs.go:206.44,208.2 1 0
github.com/snapp-incubator/sops-operator/controllers/sops_funcs.go:210.48,212.18 2 0
github.com/snapp-incubator/sops-operator/controllers/sops_funcs.go:217.2,218.18 2 0
github.com/snapp-incubator/sops-operator/controllers/sops_funcs.go:221.2,222.44 2 0
github.com/snapp-incubator/sops-operator/controllers/sops_funcs.go:225.2,228.54 3 0
github.com/snapp-incubator/sops-operator/controllers/sops_funcs.go:212.18,214.3 1 0
github.com/snapp-incubator/sops-operator/controllers/sops_funcs.go:214.8,216.3 1 0
github.com/snapp-incubator/sops-operator/controllers/sops_funcs.go:218.18,220.3 1 0
github.com/snapp-incubator/sops-operator/controllers/sops_funcs.go:222.44,224.3 1 0
github.com/snapp-incubator/sops-operator/controllers/sops_funcs.go:241.47,242.29 1 0
github.com/snapp-incubator/sops-operator/controllers/sops_funcs.go:247.2,247.14 1 0
github.com/snapp-incubator/sops-operator/controllers/sops_funcs.go:242.29,243.17 1 0
github.com/snapp-incubator/sops-operator/controllers/sops_funcs.go:243.17,245.4 1 0
github.com/snapp-incubator/sops-operator/controllers/sops_funcs.go:250.42,252.2 1 0
github.com/snapp-incubator/sops-operator/controllers/sops_funcs.go:254.46,256.22 2 0
github.com/snapp-incubator/sops-operator/controllers/sops_funcs.go:261.2,262.22 2 0
github.com/snapp-incubator/sops-operator/controllers/sops_funcs.go:265.2,266.29 2 0
github.com/snapp-incubator/sops-operator/controllers/sops_funcs.go:274.2,277.54 4 0
github.com/snapp-incubator/sops-operator/controllers/sops_funcs.go:256.22,258.3 1 0
github.com/snapp-incubator/sops-operator/controllers/sops_funcs.go:258.8,260.3 1 0
github.com/snapp-incubator/sops-operator/controllers/sops_funcs.go:262.22,264.3 1 0
github.com/snapp-incubator/sops-operator/controllers/sops_funcs.go:266.29,273.3 5 0
github.com/snapp-incubator/sops-operator/controllers/sopssecret_controller.go:70.102,76.25 4 1
github.com/snapp-incubator/sops-operator/controllers/sopssecret_controller.go:80.2,81.29 2 1
github.com/snapp-incubator/sops-operator/controllers/sopssecret_controller.go:85.2,85.51 1 0
github.com/snapp-incubator/sops-operator/controllers/sopssecret_controller.go:89.2,90.29 2 0
github.com/snapp-incubator/sops-operator/controllers/sopssecret_controller.go:95.2,99.29 4 0
github.com/snapp-incubator/sops-operator/controllers/sopssecret_controller.go:103.2,104.29 2 0
github.com/snapp-incubator/sops-operator/controllers/sopssecret_controller.go:108.2,109.29 2 0
github.com/snapp-incubator/sops-operator/controllers/sopssecret_controller.go:113.2,114.29 2 0
github.com/snapp-incubator/sops-operator/controllers/sopssecret_controller.go:118.2,122.27 4 0
github.com/snapp-incubator/sops-operator/controllers/sopssecret_controller.go:76.25,78.3 1 1
github.com/snapp-incubator/sops-operator/controllers/sopssecret_controller.go:81.29,83.3 1 1
github.com/snapp-incubator/sops-operator/controllers/sopssecret_controller.go:85.51,87.3 1 0
github.com/snapp-incubator/sops-operator/controllers/sopssecret_controller.go:90.29,92.3 1 0
github.com/snapp-incubator/sops-operator/controllers/sopssecret_controller.go:99.29,101.3 1 0
github.com/snapp-incubator/sops-operator/controllers/sopssecret_controller.go:104.29,106.3 1 0
github.com/snapp-incubator/sops-operator/controllers/sopssecret_controller.go:109.29,111.3 1 0
github.com/snapp-incubator/sops-operator/controllers/sopssecret_controller.go:114.29,116.3 1 0
github.com/snapp-incubator/sops-operator/controllers/sopssecret_controller.go:129.52,133.16 4 1
github.com/snapp-incubator/sops-operator/controllers/sopssecret_controller.go:138.2,138.22 1 0
github.com/snapp-incubator/sops-operator/controllers/sopssecret_controller.go:133.16,137.3 3 1
github.com/snapp-incubator/sops-operator/controllers/sopssecret_controller.go:144.56,146.16 2 0
github.com/snapp-incubator/sops-operator/controllers/sopssecret_controller.go:155.2,155.35 1 0
github.com/snapp-incubator/sops-operator/controllers/sopssecret_controller.go:146.16,154.3 3 0
github.com/snapp-incubator/sops-operator/controllers/sopssecret_controller.go:162.8,164.118 1 0
github.com/snapp-incubator/sops-operator/controllers/sopssecret_controller.go:175.2,175.14 1 0
github.com/snapp-incubator/sops-operator/controllers/sopssecret_controller.go:164.118,174.3 4 0
github.com/snapp-incubator/sops-operator/controllers/sopssecret_controller.go:184.8,193.49 7 0
github.com/snapp-incubator/sops-operator/controllers/sopssecret_controller.go:197.2,197.85 1 0
github.com/snapp-incubator/sops-operator/controllers/sopssecret_controller.go:220.2,220.14 1 0
github.com/snapp-incubator/sops-operator/controllers/sopssecret_controller.go:193.49,195.3 1 0
github.com/snapp-incubator/sops-operator/controllers/sopssecret_controller.go:197.85,203.66 2 0
github.com/snapp-incubator/sops-operator/controllers/sopssecret_controller.go:214.3,218.4 1 0
github.com/snapp-incubator/sops-operator/controllers/sopssecret_controller.go:203.66,213.4 4 0
github.com/snapp-incubator/sops-operator/controllers/sopssecret_controller.go:228.26,242.28 3 0
github.com/snapp-incubator/sops-operator/controllers/sopssecret_controller.go:253.2,253.16 1 0
github.com/snapp-incubator/sops-operator/controllers/sopssecret_controller.go:265.2,265.42 1 0
github.com/snapp-incubator/sops-operator/controllers/sopssecret_controller.go:242.28,250.3 3 0
github.com/snapp-incubator/sops-operator/controllers/sopssecret_controller.go:253.16,263.3 4 0
github.com/snapp-incubator/sops-operator/controllers/sopssecret_controller.go:273.26,277.16 2 0
github.com/snapp-incubator/sops-operator/controllers/sopssecret_controller.go:290.2,291.16 2 0
github.com/snapp-incubator/sops-operator/controllers/sopssecret_controller.go:304.2,304.38 1 0
github.com/snapp-incubator/sops-operator/controllers/sopssecret_controller.go:277.16,287.3 4 0
github.com/snapp-incubator/sops-operator/controllers/sopssecret_controller.go:291.16,302.3 4 0
github.com/snapp-incubator/sops-operator/controllers/sopssecret_controller.go:308.91,311.38 1 0
github.com/snapp-incubator/sops-operator/controllers/sopssecret_controller.go:323.2,323.14 1 0
github.com/snapp-incubator/sops-operator/controllers/sopssecret_controller.go:311.38,321.3 4 0
github.com/snapp-incubator/sops-operator/controllers/sopssecret_controller.go:327.101,332.16 3 1
github.com/snapp-incubator/sops-operator/controllers/sopssecret_controller.go:353.2,353.40 1 1
github.com/snapp-incubator/sops-operator/controllers/sopssecret_controller.go:332.16,333.29 1 1
github.com/snapp-incubator/sops-operator/controllers/sopssecret_controller.go:346.3,351.24 2 0
github.com/snapp-incubator/sops-operator/controllers/sopssecret_controller.go:333.29,343.4 2 1
github.com/snapp-incubator/sops-operator/controllers/sopssecret_controller.go:357.57,359.2 1 0
github.com/snapp-incubator/sops-operator/controllers/sopssecret_controller.go:362.73,368.37 2 1
github.com/snapp-incubator/sops-operator/controllers/sopssecret_controller.go:372.2,375.14 1 1
github.com/snapp-incubator/sops-operator/controllers/sopssecret_controller.go:368.37,370.3 1 1
github.com/snapp-incubator/sops-operator/controllers/sopssecret_controller.go:383.27,411.2 11 0
github.com/snapp-incubator/sops-operator/controllers/sopssecret_controller.go:413.59,416.33 2 0
github.com/snapp-incubator/sops-operator/controllers/sopssecret_controller.go:420.2,420.15 1 0
github.com/snapp-incubator/sops-operator/controllers/sopssecret_controller.go:416.33,418.3 1 0
github.com/snapp-incubator/sops-operator/controllers/sopssecret_controller.go:423.65,426.28 2 0
github.com/snapp-incubator/sops-operator/controllers/sopssecret_controller.go:445.2,445.23 1 0
github.com/snapp-incubator/sops-operator/controllers/sopssecret_controller.go:427.45,428.56 1 0
github.com/snapp-incubator/sops-operator/controllers/sopssecret_controller.go:429.33,430.46 1 0
github.com/snapp-incubator/sops-operator/controllers/sopssecret_controller.go:431.40,432.53 1 0
github.com/snapp-incubator/sops-operator/controllers/sopssecret_controller.go:433.34,434.46 1 0
github.com/snapp-incubator/sops-operator/controllers/sopssecret_controller.go:435.32,436.44 1 0
github.com/snapp-incubator/sops-operator/controllers/sopssecret_controller.go:437.27,438.40 1 0
github.com/snapp-incubator/sops-operator/controllers/sopssecret_controller.go:439.39,440.51 1 0
github.com/snapp-incubator/sops-operator/controllers/sopssecret_controller.go:441.10,442.43 1 0
github.com/snapp-incubator/sops-operator/controllers/sopssecret_controller.go:453.57,455.16 2 0
github.com/snapp-incubator/sops-operator/controllers/sopssecret_controller.go:464.2,465.16 2 0
github.com/snapp-incubator/sops-operator/controllers/sopssecret_controller.go:474.2,476.16 3 0
github.com/snapp-incubator/sops-operator/controllers/sopssecret_controller.go:485.2,485.33 1 0
github.com/snapp-incubator/sops-operator/controllers/sopssecret_controller.go:455.16,462.3 2 0
github.com/snapp-incubator/sops-operator/controllers/sopssecret_controller.go:465.16,472.3 2 0
github.com/snapp-incubator/sops-operator/controllers/sopssecret_controller.go:476.16,483.3 2 0
github.com/snapp-incubator/sops-operator/controllers/sopssecret_controller.go:494.101,498.16 2 0
github.com/snapp-incubator/sops-operator/controllers/sopssecret_controller.go:510.2,511.16 2 0
github.com/snapp-incubator/sops-operator/controllers/sopssecret_controller.go:515.2,516.45 2 0
github.com/snapp-incubator/sops-operator/controllers/sopssecret_controller.go:519.2,519.16 1 0
github.com/snapp-incubator/sops-operator/controllers/sopssecret_controller.go:524.2,526.16 3 0
github.com/snapp-incubator/sops-operator/controllers/sopssecret_controller.go:530.2,530.43 1 0
github.com/snapp-incubator/sops-operator/controllers/sopssecret_controller.go:499.14,500.28 1 0
github.com/snapp-incubator/sops-operator/controllers/sopssecret_controller.go:501.14,502.28 1 0
github.com/snapp-incubator/sops-operator/controllers/sopssecret_controller.go:503.16,504.30 1 0
github.com/snapp-incubator/sops-operator/controllers/sopssecret_controller.go:505.10,506.34 1 0
github.com/snapp-incubator/sops-operator/controllers/sopssecret_controller.go:511.16,513.3 1 0
github.com/snapp-incubator/sops-operator/controllers/sopssecret_controller.go:516.45,518.3 1 0
github.com/snapp-incubator/sops-operator/controllers/sopssecret_controller.go:519.16,521.3 1 0
github.com/snapp-incubator/sops-operator/controllers/sopssecret_controller.go:526.16,528.3 1 0
