mode: set
github.com/snapp-incubator/sops-operator/api/v1alpha1/sopssecret_types.go:104.13,106.2 1 1
github.com/snapp-incubator/sops-operator/api/v1alpha1/sopssecret_webhook.go:31.70,35.2 1 1
github.com/snapp-incubator/sops-operator/api/v1alpha1/sopssecret_webhook.go:44.32,46.2 1 1
github.com/snapp-incubator/sops-operator/api/v1alpha1/sopssecret_webhook.go:54.45,56.47 2 1
github.com/snapp-incubator/sops-operator/api/v1alpha1/sopssecret_webhook.go:61.2,61.12 1 1
github.com/snapp-incubator/sops-operator/api/v1alpha1/sopssecret_webhook.go:56.47,58.3 1 1
github.com/snapp-incubator/sops-operator/api/v1alpha1/sopssecret_webhook.go:65.63,67.47 2 0
github.com/snapp-incubator/sops-operator/api/v1alpha1/sopssecret_webhook.go:72.2,72.12 1 0
github.com/snapp-incubator/sops-operator/api/v1alpha1/sopssecret_webhook.go:67.47,69.3 1 0
github.com/snapp-incubator/sops-operator/api/v1alpha1/sopssecret_webhook.go:76.45,81.2 2 0
github.com/snapp-incubator/sops-operator/api/v1alpha1/sopssecret_webhook.go:83.49,84.32 1 1
github.com/snapp-incubator/sops-operator/api/v1alpha1/sopssecret_webhook.go:87.2,87.38 1 1
github.com/snapp-incubator/sops-operator/api/v1alpha1/sopssecret_webhook.go:90.2,90.88 1 1
github.com/snapp-incubator/sops-operator/api/v1alpha1/sopssecret_webhook.go:93.2,93.12 1 1
github.com/snapp-incubator/sops-operator/api/v1alpha1/sopssecret_webhook.go:84.32,86.3 1 1
github.com/snapp-incubator/sops-operator/api/v1alpha1/sopssecret_webhook.go:87.38,89.3 1 1
github.com/snapp-incubator/sops-operator/api/v1alpha1/sopssecret_webhook.go:90.88,92.3 1 1
github.com/snapp-incubator/sops-operator/api/v1alpha1/zz_generated.deepcopy.go:29.47,31.2 1 0
github.com/snapp-incubator/sops-operator/api/v1alpha1/zz_generated.deepcopy.go:34.40,35.15 1 0
github.com/snapp-incubator/sops-operator/api/v1alpha1/zz_generated.deepcopy.go:38.2,40.12 3 0
github.com/snapp-incubator/sops-operator/api/v1alpha1/zz_generated.deepcopy.go:35.15,37.3 1 0
github.com/snapp-incubator/sops-operator/api/v1alpha1/zz_generated.deepcopy.go:44.57,46.2 1 0
github.com/snapp-incubator/sops-operator/api/v1alpha1/zz_generated.deepcopy.go:49.50,50.15 1 0
github.com/snapp-incubator/sops-operator/api/v1alpha1/zz_generated.deepcopy.go:53.2,55.12 3 0
github.com/snapp-incubator/sops-operator/api/v1alpha1/zz_generated.deepcopy.go:50.15,52.3 1 0
github.com/snapp-incubator/sops-operator/api/v1alpha1/zz_generated.deepcopy.go:59.45,65.2 5 1
github.com/snapp-incubator/sops-operator/api/v1alpha1/zz_generated.deepcopy.go:68.38,69.15 1 1
github.com/snapp-incubator/sops-operator/api/v1alpha1/zz_generated.deepcopy.go:72.2,74.12 3 1
github.com/snapp-incubator/sops-operator/api/v1alpha1/zz_generated.deepcopy.go:69.15,71.3 1 0
github.com/snapp-incubator/sops-operator/api/v1alpha1/zz_generated.deepcopy.go:78.51,79.34 1 1
github.com/snapp-incubator/sops-operator/api/v1alpha1/zz_generated.deepcopy.go:82.2,82.12 1 0
github.com/snapp-incubator/sops-operator/api/v1alpha1/zz_generated.deepcopy.go:79.34,81.3 1 1
github.com/snapp-incubator/sops-operator/api/v1alpha1/zz_generated.deepcopy.go:86.53,90.21 4 0
github.com/snapp-incubator/sops-operator/api/v1alpha1/zz_generated.deepcopy.go:90.21,93.22 3 0
github.com/snapp-incubator/sops-operator/api/v1alpha1/zz_generated.deepcopy.go:93.22,95.4 1 0
github.com/snapp-incubator/sops-operator/api/v1alpha1/zz_generated.deepcopy.go:100.46,101.15 1 0
github.com/snapp-incubator/sops-operator/api/v1alpha1/zz_generated.deepcopy.go:104.2,106.12 3 0
github.com/snapp-incubator/sops-operator/api/v1alpha1/zz_generated.deepcopy.go:101.15,103.3 1 0
github.com/snapp-incubator/sops-operator/api/v1alpha1/zz_generated.deepcopy.go:110.55,111.34 1 0
github.com/snapp-incubator/sops-operator/api/v1alpha1/zz_generated.deepcopy.go:114.2,114.12 1 0
github.com/snapp-incubator/sops-operator/api/v1alpha1/zz_generated.deepcopy.go:111.34,113.3 1 0
github.com/snapp-incubator/sops-operator/api/v1alpha1/zz_generated.deepcopy.go:118.53,120.2 1 0
github.com/snapp-incubator/sops-operator/api/v1alpha1/zz_generated.deepcopy.go:123.46,124.15 1 0
github.com/snapp-incubator/sops-operator/api/v1alpha1/zz_generated.deepcopy.go:127.2,129.12 3 0
github.com/snapp-incubator/sops-operator/api/v1alpha1/zz_generated.deepcopy.go:124.15,126.3 1 0
github.com/snapp-incubator/sops-operator/api/v1alpha1/zz_generated.deepcopy.go:133.57,135.2 1 0
github.com/snapp-incubator/sops-operator/api/v1alpha1/zz_generated.deepcopy.go:138.50,139.15 1 0
github.com/snapp-incubator/sops-operator/api/v1alpha1/zz_generated.deepcopy.go:142.2,144.12 3 0
github.com/snapp-incubator/sops-operator/api/v1alpha1/zz_generated.deepcopy.go:139.15,141.3 1 0
github.com/snapp-incubator/sops-operator/api/v1alpha1/zz_generated.deepcopy.go:148.61,150.2 1 0
github.com/snapp-incubator/sops-operator/api/v1alpha1/zz_generated.deepcopy.go:153.54,154.15 1 0
github.com/snapp-incubator/sops-operator/api/v1alpha1/zz_generated.deepcopy.go:157.2,159.12 3 0
github.com/snapp-incubator/sops-operator/api/v1alpha1/zz_generated.deepcopy.go:154.15,156.3 1 0
github.com/snapp-incubator/sops-operator/api/v1alpha1/zz_generated.deepcopy.go:163.55,165.2 1 0
github.com/snapp-incubator/sops-operator/api/v1alpha1/zz_generated.deepcopy.go:168.48,169.15 1 0
github.com/snapp-incubator/sops-operator/api/v1alpha1/zz_generated.deepcopy.go:172.2,174.12 3 0
github.com/snapp-incubator/sops-operator/api/v1alpha1/zz_generated.deepcopy.go:169.15,171.3 1 0
github.com/snapp-incubator/sops-operator/api/v1alpha1/zz_generated.deepcopy.go:178.55,180.2 1 0
github.com/snapp-incubator/sops-operator/api/v1alpha1/zz_generated.deepcopy.go:183.48,184.15 1 0
github.com/snapp-incubator/sops-operator/api/v1alpha1/zz_generated.deepcopy.go:187.2,189.12 3 0
github.com/snapp-incubator/sops-operator/api/v1alpha1/zz_generated.deepcopy.go:184.15,186.3 1 0
github.com/snapp-incubator/sops-operator/api/v1alpha1/zz_generated.deepcopy.go:193.55,195.2 1 0
github.com/snapp-incubator/sops-operator/api/v1alpha1/zz_generated.deepcopy.go:198.48,199.15 1 0
github.com/snapp-incubator/sops-operator/api/v1alpha1/zz_generated.deepcopy.go:202.2,204.12 3 0
github.com/snapp-incubator/sops-operator/api/v1alpha1/zz_generated.deepcopy.go:199.15,201.3 1 0
github.com/snapp-incubator/sops-operator/api/v1alpha1/zz_generated.deepcopy.go:208.57,210.22 2 1
github.com/snapp-incubator/sops-operator/api/v1alpha1/zz_generated.deepcopy.go:215.2,215.19 1 1
github.com/snapp-incubator/sops-operator/api/v1alpha1/zz_generated.deepcopy.go:220.2,220.24 1 1
github.com/snapp-incubator/sops-operator/api/v1alpha1/zz_generated.deepcopy.go:225.2,225.23 1 1
github.com/snapp-incubator/sops-operator/api/v1alpha1/zz_generated.deepcopy.go:230.2,230.22 1 1
github.com/snapp-incubator/sops-operator/api/v1alpha1/zz_generated.deepcopy.go:235.2,235.19 1 1
github.com/snapp-incubator/sops-operator/api/v1alpha1/zz_generated.deepcopy.go:210.22,214.3 3 0
github.com/snapp-incubator/sops-operator/api/v1alpha1/zz_generated.deepcopy.go:215.19,219.3 3 0
github.com/snapp-incubator/sops-operator/api/v1alpha1/zz_generated.deepcopy.go:220.24,224.3 3 0
github.com/snapp-incubator/sops-operator/api/v1alpha1/zz_generated.deepcopy.go:225.23,229.3 3 0
github.com/snapp-incubator/sops-operator/api/v1alpha1/zz_generated.deepcopy.go:230.22,234.3 3 0
github.com/snapp-incubator/sops-operator/api/v1alpha1/zz_generated.deepcopy.go:235.19,239.3 3 0
github.com/snapp-incubator/sops-operator/api/v1alpha1/zz_generated.deepcopy.go:243.50,244.15 1 0
github.com/snapp-incubator/sops-operator/api/v1alpha1/zz_generated.deepcopy.go:247.2,249.12 3 0
github.com/snapp-incubator/sops-operator/api/v1alpha1/zz_generated.deepcopy.go:244.15,246.3 1 0
github.com/snapp-incubator/sops-operator/api/v1alpha1/zz_generated.deepcopy.go:253.53,260.2 6 1
github.com/snapp-incubator/sops-operator/api/v1alpha1/zz_generated.deepcopy.go:263.46,264.15 1 1
github.com/snapp-incubator/sops-operator/api/v1alpha1/zz_generated.deepcopy.go:267.2,269.12 3 1
github.com/snapp-incubator/sops-operator/api/v1alpha1/zz_generated.deepcopy.go:264.15,266.3 1 0
github.com/snapp-incubator/sops-operator/api/v1alpha1/zz_generated.deepcopy.go:273.55,274.34 1 1
github.com/snapp-incubator/sops-operator/api/v1alpha1/zz_generated.deepcopy.go:277.2,277.12 1 0
github.com/snapp-incubator/sops-operator/api/v1alpha1/zz_generated.deepcopy.go:274.34,276.3 1 1
github.com/snapp-incubator/sops-operator/api/v1alpha1/zz_generated.deepcopy.go:281.61,285.21 4 0
github.com/snapp-incubator/sops-operator/api/v1alpha1/zz_generated.deepcopy.go:285.21,288.22 3 0
github.com/snapp-incubator/sops-operator/api/v1alpha1/zz_generated.deepcopy.go:288.22,290.4 1 0
github.com/snapp-incubator/sops-operator/api/v1alpha1/zz_generated.deepcopy.go:295.54,296.15 1 0
github.com/snapp-incubator/sops-operator/api/v1alpha1/zz_generated.deepcopy.go:299.2,301.12 3 0
github.com/snapp-incubator/sops-operator/api/v1alpha1/zz_generated.deepcopy.go:296.15,298.3 1 0
github.com/snapp-incubator/sops-operator/api/v1alpha1/zz_generated.deepcopy.go:305.59,306.34 1 0
github.com/snapp-incubator/sops-operator/api/v1alpha1/zz_generated.deepcopy.go:309.2,309.12 1 0
github.com/snapp-incubator/sops-operator/api/v1alpha1/zz_generated.deepcopy.go:306.34,308.3 1 0
github.com/snapp-incubator/sops-operator/api/v1alpha1/zz_generated.deepcopy.go:313.61,316.2 2 1
github.com/snapp-incubator/sops-operator/api/v1alpha1/zz_generated.deepcopy.go:319.54,320.15 1 0
github.com/snapp-incubator/sops-operator/api/v1alpha1/zz_generated.deepcopy.go:323.2,325.12 3 0
github.com/snapp-incubator/sops-operator/api/v1alpha1/zz_generated.deepcopy.go:320.15,322.3 1 0
github.com/snapp-incubator/sops-operator/api/v1alpha1/zz_generated.deepcopy.go:329.65,331.2 1 0
github.com/snapp-incubator/sops-operator/api/v1alpha1/zz_generated.deepcopy.go:334.58,335.15 1 0
github.com/snapp-incubator/sops-operator/api/v1alpha1/zz_generated.deepcopy.go:338.2,340.12 3 0
github.com/snapp-incubator/sops-operator/api/v1alpha1/zz_generated.deepcopy.go:335.15,337.3 1 0
github.com/snapp-incubator/sops-operator/api/v1alpha1/zz_generated.deepcopy.go:344.69,346.27 2 1
github.com/snapp-incubator/sops-operator/api/v1alpha1/zz_generated.deepcopy.go:353.2,353.22 1 1
github.com/snapp-incubator/sops-operator/api/v1alpha1/zz_generated.deepcopy.go:360.2,360.20 1 1
github.com/snapp-incubator/sops-operator/api/v1alpha1/zz_generated.deepcopy.go:367.2,367.26 1 1
github.com/snapp-incubator/sops-operator/api/v1alpha1/zz_generated.deepcopy.go:346.27,349.29 3 0
github.com/snapp-incubator/sops-operator/api/v1alpha1/zz_generated.deepcopy.go:349.29,351.4 1 0
github.com/snapp-incubator/sops-operator/api/v1alpha1/zz_generated.deepcopy.go:353.22,356.29 3 0
github.com/snapp-incubator/sops-operator/api/v1alpha1/zz_generated.deepcopy.go:356.29,358.4 1 0
github.com/snapp-incubator/sops-operator/api/v1alpha1/zz_generated.deepcopy.go:360.20,363.29 3 0
github.com/snapp-incubator/sops-operator/api/v1alpha1/zz_generated.deepcopy.go:363.29,365.4 1 0
github.com/snapp-incubator/sops-operator/api/v1alpha1/zz_generated.deepcopy.go:367.26,370.29 3 0
github.com/snapp-incubator/sops-operator/api/v1alpha1/zz_generated.deepcopy.go:370.29,372.4 1 0
github.com/snapp-incubator/sops-operator/api/v1alpha1/zz_generated.deepcopy.go:377.62,378.15 1 0
github.com/snapp-incubator/sops-operator/api/v1alpha1/zz_generated.deepcopy.go:381.2,383.12 3 0
github.com/snapp-incubator/sops-operator/api/v1alpha1/zz_generated.deepcopy.go:378.15,380.3 1 0
github.com/snapp-incubator/sops-operator/api/v1alpha1/gpgkey_types.go:64.13,66.2 1 1
github.com/snapp-incubator/sops-operator/api/v1alpha1/gpgkey_webhook.go:31.66,35.2 1 1
github.com/snapp-incubator/sops-operator/api/v1alpha1/gpgkey_webhook.go:44.28,48.2 1 1
github.com/snapp-incubator/sops-operator/api/v1alpha1/gpgkey_webhook.go:56.41,58.43 2 1
github.com/snapp-incubator/sops-operator/api/v1alpha1/gpgkey_webhook.go:63.2,63.12 1 1
github.com/snapp-incubator/sops-operator/api/v1alpha1/gpgkey_webhook.go:58.43,60.3 1 1
github.com/snapp-incubator/sops-operator/api/v1alpha1/gpgkey_webhook.go:67.59,69.43 2 0
github.com/snapp-incubator/sops-operator/api/v1alpha1/gpgkey_webhook.go:74.2,74.12 1 0
github.com/snapp-incubator/sops-operator/api/v1alpha1/gpgkey_webhook.go:69.43,71.3 1 0
github.com/snapp-incubator/sops-operator/api/v1alpha1/gpgkey_webhook.go:78.41,83.2 2 0
github.com/snapp-incubator/sops-operator/api/v1alpha1/gpgkey_webhook.go:85.41,86.32 1 1
github.com/snapp-incubator/sops-operator/api/v1alpha1/gpgkey_webhook.go:89.2,89.36 1 1
github.com/snapp-incubator/sops-operator/api/v1alpha1/gpgkey_webhook.go:92.2,92.12 1 1
github.com/snapp-incubator/sops-operator/api/v1alpha1/gpgkey_webhook.go:86.32,88.3 1 1
github.com/snapp-incubator/sops-operator/api/v1alpha1/gpgkey_webhook.go:89.36,91.3 1 1
github.com/snapp-incubator/sops-operator/controllers/gpgkey_controller.go:62.98,67.16 4 0
github.com/snapp-incubator/sops-operator/controllers/gpgkey_controller.go:71.2,72.29 2 0
github.com/snapp-incubator/sops-operator/controllers/gpgkey_controller.go:75.2,75.27 1 0
github.com/snapp-incubator/sops-operator/controllers/gpgkey_controller.go:67.16,69.3 1 0
github.com/snapp-incubator/sops-operator/controllers/gpgkey_controller.go:72.29,74.3 1 0
github.com/snapp-incubator/sops-operator/controllers/gpgkey_controller.go:78.112,81.16 3 0
github.com/snapp-incubator/sops-operator/controllers/gpgkey_controller.go:85.2,85.27 1 0
github.com/snapp-incubator/sops-operator/controllers/gpgkey_controller.go:81.16,84.3 2 0
github.com/snapp-incubator/sops-operator/controllers/gpgkey_controller.go:88.110,91.16 3 0
github.com/snapp-incubator/sops-operator/controllers/gpgkey_controller.go:98.2,100.16 3 0
github.com/snapp-incubator/sops-operator/controllers/gpgkey_controller.go:107.2,118.16 8 0
github.com/snapp-incubator/sops-operator/controllers/gpgkey_controller.go:124.2,126.14 3 0
github.com/snapp-incubator/sops-operator/controllers/gpgkey_controller.go:91.16,96.3 4 0
github.com/snapp-incubator/sops-operator/controllers/gpgkey_controller.go:100.16,105.3 4 0
github.com/snapp-incubator/sops-operator/controllers/gpgkey_controller.go:118.16,123.3 4 0
github.com/snapp-incubator/sops-operator/controllers/gpgkey_controller.go:129.49,131.2 1 0
github.com/snapp-incubator/sops-operator/controllers/gpgkey_controller.go:133.92,135.16 2 0
github.com/snapp-incubator/sops-operator/controllers/gpgkey_controller.go:146.2,146.36 1 0
github.com/snapp-incubator/sops-operator/controllers/gpgkey_controller.go:135.16,136.25 1 0
github.com/snapp-incubator/sops-operator/controllers/gpgkey_controller.go:136.25,138.19 2 0
github.com/snapp-incubator/sops-operator/controllers/gpgkey_controller.go:141.4,141.38 1 0
github.com/snapp-incubator/sops-operator/controllers/gpgkey_controller.go:138.19,140.5 1 0
github.com/snapp-incubator/sops-operator/controllers/gpgkey_controller.go:142.9,144.4 1 0
github.com/snapp-incubator/sops-operator/controllers/gpgkey_controller.go:149.84,152.16 2 0
github.com/snapp-incubator/sops-operator/controllers/gpgkey_controller.go:155.2,155.15 1 0
github.com/snapp-incubator/sops-operator/controllers/gpgkey_controller.go:159.2,160.16 2 0
github.com/snapp-incubator/sops-operator/controllers/gpgkey_controller.go:164.2,165.16 2 0
github.com/snapp-incubator/sops-operator/controllers/gpgkey_controller.go:168.2,168.12 1 0
github.com/snapp-incubator/sops-operator/controllers/gpgkey_controller.go:152.16,154.3 1 0
github.com/snapp-incubator/sops-operator/controllers/gpgkey_controller.go:155.15,157.3 1 0
github.com/snapp-incubator/sops-operator/controllers/gpgkey_controller.go:160.16,162.3 1 0
github.com/snapp-incubator/sops-operator/controllers/gpgkey_controller.go:165.16,167.3 1 0
github.com/snapp-incubator/sops-operator/controllers/gpgkey_controller.go:172.69,176.2 1 0
github.com/snapp-incubator/sops-operator/controllers/sops_funcs.go:24.75,28.2 1 1
github.com/snapp-incubator/sops-operator/controllers/sops_funcs.go:30.126,36.36 3 1
github.com/snapp-incubator/sops-operator/controllers/sops_funcs.go:43.2,44.26 2 1
github.com/snapp-incubator/sops-operator/controllers/sops_funcs.go:59.2,59.21 1 1
github.com/snapp-incubator/sops-operator/controllers/sops_funcs.go:36.36,38.17 2 1
github.com/snapp-incubator/sops-operator/controllers/sops_funcs.go:41.3,41.38 1 1
github.com/snapp-incubator/sops-operator/controllers/sops_funcs.go:38.17,40.4 1 1
github.com/snapp-incubator/sops-operator/controllers/sops_funcs.go:44.26,45.37 1 0
github.com/snapp-incubator/sops-operator/controllers/sops_funcs.go:48.3,50.17 3 0
github.com/snapp-incubator/sops-operator/controllers/sops_funcs.go:45.37,47.4 1 0
github.com/snapp-incubator/sops-operator/controllers/sops_funcs.go:50.17,52.4 1 0
github.com/snapp-incubator/sops-operator/controllers/sops_funcs.go:53.8,54.22 1 1
github.com/snapp-incubator/sops-operator/controllers/sops_funcs.go:57.3,57.21 1 1
github.com/snapp-incubator/sops-operator/controllers/sops_funcs.go:54.22,56.4 1 0
github.com/snapp-incubator/sops-operator/controllers/sops_funcs.go:62.120,64.28 2 1
github.com/snapp-incubator/sops-operator/controllers/sops_funcs.go:72.2,72.39 1 0
github.com/snapp-incubator/sops-operator/controllers/sops_funcs.go:64.28,66.17 2 1
github.com/snapp-incubator/sops-operator/controllers/sops_funcs.go:66.17,68.4 1 0
github.com/snapp-incubator/sops-operator/controllers/sops_funcs.go:68.9,70.4 1 1
github.com/snapp-incubator/sops-operator/controllers/sops_funcs.go:75.114,82.16 5 1
github.com/snapp-incubator/sops-operator/controllers/sops_funcs.go:85.2,85.17 1 1
github.com/snapp-incubator/sops-operator/controllers/sops_funcs.go:88.2,88.25 1 0
github.com/snapp-incubator/sops-operator/controllers/sops_funcs.go:82.16,84.3 1 0
github.com/snapp-incubator/sops-operator/controllers/sops_funcs.go:85.17,87.3 1 1
github.com/snapp-incubator/sops-operator/controllers/sops_funcs.go:91.95,96.2 4 1
github.com/snapp-incubator/sops-operator/controllers/sops_funcs.go:98.82,100.22 2 1
github.com/snapp-incubator/sops-operator/controllers/sops_funcs.go:105.2,106.78 1 0
github.com/snapp-incubator/sops-operator/controllers/sops_funcs.go:100.22,103.3 1 1
github.com/snapp-incubator/sops-operator/controllers/sops_funcs.go:109.88,123.16 8 1
github.com/snapp-incubator/sops-operator/controllers/sops_funcs.go:126.2,126.28 1 1
github.com/snapp-incubator/sops-operator/controllers/sops_funcs.go:123.16,125.3 1 0
github.com/snapp-incubator/sops-operator/controllers/sops_funcs.go:129.25,131.62 2 1
github.com/snapp-incubator/sops-operator/controllers/sops_funcs.go:134.2,134.15 1 1
github.com/snapp-incubator/sops-operator/controllers/sops_funcs.go:131.62,133.3 1 0
github.com/snapp-incubator/sops-operator/controllers/sops_funcs.go:137.69,142.2 1 0
github.com/snapp-incubator/sops-operator/controllers/sops_funcs.go:146.42,148.2 1 0
github.com/snapp-incubator/sops-operator/controllers/sops_funcs.go:155.55,157.37 2 0
github.com/snapp-incubator/sops-operator/controllers/sops_funcs.go:162.2,162.10 1 0
github.com/snapp-incubator/sops-operator/controllers/sops_funcs.go:157.37,158.15 1 0
github.com/snapp-incubator/sops-operator/controllers/sops_funcs.go:158.15,160.4 1 0
github.com/snapp-incubator/sops-operator/controllers/sops_funcs.go:165.44,169.2 1 0
github.com/snapp-incubator/sops-operator/controllers/sops_funcs.go:171.48,173.39 2 0
github.com/snapp-incubator/sops-operator/controllers/sops_funcs.go:180.2,181.42 2 0
github.com/snapp-incubator/sops-operator/controllers/sops_funcs.go:195.2,198.44 2 0
github.com/snapp-incubator/sops-operator/controllers/sops_funcs.go:173.39,179.3 2 0
github.com/snapp-incubator/sops-operator/controllers/sops_funcs.go:181.42,185.3 1 0
github.com/snapp-incubator/sops-operator/controllers/sops_funcs.go:185.8,194.3 1 0
github.com/snapp-incubator/sops-operator/controllers/sops_funcs.go:206.44,208.2 1 0
github.com/snapp-incubator/sops-operator/controllers/sops_funcs.go:210.48,212.18 2 0
github.com/snapp-incubator/sops-operator/controllers/sops_funcs.go:217.2,218.18 2 0
github.com/snapp-incubator/sops-operator/controllers/sops_funcs.go:221.2,222.44 2 0
github.com/snapp-incubator/sops-operator/controllers/sops_funcs.go:225.2,228.54 3 0
github.com/snapp-incubator/sops-operator/controllers/sops_funcs.go:212.18,214.3 1 0
github.com/snapp-incubator/sops-operator/controllers/sops_funcs.go:214.8,216.3 1 0
github.com/snapp-incubator/sops-operator/controllers/sops_funcs.go:218.18,220.3 1 0
github.com/snapp-incubator/sops-operator/controllers/sops_funcs.go:222.44,224.3 1 0
github.com/snapp-incubator/sops-operator/controllers/sops_funcs.go:241.47,242.29 1 0
github.com/snapp-incubator/sops-operator/controllers/sops_funcs.go:247.2,247.14 1 0
github.com/snapp-incubator/sops-operator/controllers/sops_funcs.go:242.29,243.17 1 0
github.com/snapp-incubator/sops-operator/controllers/sops_funcs.go:243.17,245.4 1 0
github.com/snapp-incubator/sops-operator/controllers/sops_funcs.go:250.42,252.2 1 0
github.com/snapp-incubator/sops-operator/controllers/sops_funcs.go:254.46,256.22 2 0
github.com/snapp-incubator/sops-operator/controllers/sops_funcs.go:261.2,262.22 2 0
github.com/snapp-incubator/sops-operator/controllers/sops_funcs.go:265.2,266.29 2 0
github.com/snapp-incubator/sops-operator/controllers/sops_funcs.go:274.2,277.54 4 0
github.com/snapp-incubator/sops-operator/controllers/sops_funcs.go:256.22,258.3 1 0
github.com/snapp-incubator/sops-operator/controllers/sops_funcs.go:258.8,260.3 1 0
github.com/snapp-incubator/sops-operator/controllers/sops_funcs.go:262.22,264.3 1 0
github.com/snapp-incubator/sops-operator/controllers/sops_funcs.go:266.29,273.3 5 0
github.com/snapp-incubator/sops-operator/controllers/sopssecret_controller.go:71.102,77.25 4 1
github.com/snapp-incubator/sops-operator/controllers/sopssecret_controller.go:81.2,82.29 2 1
github.com/snapp-incubator/sops-operator/controllers/sopssecret_controller.go:86.2,86.51 1 1
github.com/snapp-incubator/sops-operator/controllers/sopssecret_controller.go:90.2,91.29 2 1
github.com/snapp-incubator/sops-operator/controllers/sopssecret_controller.go:96.2,100.29 4 1
github.com/snapp-incubator/sops-operator/controllers/sopssecret_controller.go:104.2,105.29 2 1
github.com/snapp-incubator/sops-operator/controllers/sopssecret_controller.go:109.2,110.29 2 1
github.com/snapp-incubator/sops-operator/controllers/sopssecret_controller.go:114.2,115.29 2 1
github.com/snapp-incubator/sops-operator/controllers/sopssecret_controller.go:119.2,123.27 4 1
github.com/snapp-incubator/sops-operator/controllers/sopssecret_controller.go:77.25,79.3 1 1
github.com/snapp-incubator/sops-operator/controllers/sopssecret_controller.go:82.29,84.3 1 1
github.com/snapp-incubator/sops-operator/controllers/sopssecret_controller.go:86.51,88.3 1 0
github.com/snapp-incubator/sops-operator/controllers/sopssecret_controller.go:91.29,93.3 1 0
github.com/snapp-incubator/sops-operator/controllers/sopssecret_controller.go:100.29,102.3 1 0
github.com/snapp-incubator/sops-operator/controllers/sopssecret_controller.go:105.29,107.3 1 0
github.com/snapp-incubator/sops-operator/controllers/sopssecret_controller.go:110.29,112.3 1 0
github.com/snapp-incubator/sops-operator/controllers/sopssecret_controller.go:115.29,117.3 1 0
github.com/snapp-incubator/sops-operator/controllers/sopssecret_controller.go:130.52,134.16 4 1
github.com/snapp-incubator/sops-operator/controllers/sopssecret_controller.go:139.2,139.22 1 1
github.com/snapp-incubator/sops-operator/controllers/sopssecret_controller.go:134.16,138.3 3 1
github.com/snapp-incubator/sops-operator/controllers/sopssecret_controller.go:145.56,147.16 2 1
github.com/snapp-incubator/sops-operator/controllers/sopssecret_controller.go:156.2,156.35 1 1
github.com/snapp-incubator/sops-operator/controllers/sopssecret_controller.go:147.16,155.3 3 0
github.com/snapp-incubator/sops-operator/controllers/sopssecret_controller.go:163.8,165.118 1 1
github.com/snapp-incubator/sops-operator/controllers/sopssecret_controller.go:176.2,176.14 1 1
github.com/snapp-incubator/sops-operator/controllers/sopssecret_controller.go:165.118,175.3 4 0
github.com/snapp-incubator/sops-operator/controllers/sopssecret_controller.go:185.8,194.49 7 1
github.com/snapp-incubator/sops-operator/controllers/sopssecret_controller.go:198.2,198.85 1 1
github.com/snapp-incubator/sops-operator/controllers/sopssecret_controller.go:221.2,221.14 1 1
github.com/snapp-incubator/sops-operator/controllers/sopssecret_controller.go:194.49,196.3 1 0
github.com/snapp-incubator/sops-operator/controllers/sopssecret_controller.go:198.85,204.66 2 1
github.com/snapp-incubator/sops-operator/controllers/sopssecret_controller.go:215.3,219.4 1 1
github.com/snapp-incubator/sops-operator/controllers/sopssecret_controller.go:204.66,214.4 4 0
github.com/snapp-incubator/sops-operator/controllers/sopssecret_controller.go:229.26,243.28 3 1
github.com/snapp-incubator/sops-operator/controllers/sopssecret_controller.go:254.2,254.16 1 1
github.com/snapp-incubator/sops-operator/controllers/sopssecret_controller.go:266.2,266.42 1 1
github.com/snapp-incubator/sops-operator/controllers/sopssecret_controller.go:243.28,251.3 3 1
github.com/snapp-incubator/sops-operator/controllers/sopssecret_controller.go:254.16,264.3 4 0
github.com/snapp-incubator/sops-operator/controllers/sopssecret_controller.go:274.26,278.16 2 1
github.com/snapp-incubator/sops-operator/controllers/sopssecret_controller.go:291.2,292.16 2 1
github.com/snapp-incubator/sops-operator/controllers/sopssecret_controller.go:305.2,305.38 1 1
github.com/snapp-incubator/sops-operator/controllers/sopssecret_controller.go:278.16,288.3 4 0
github.com/snapp-incubator/sops-operator/controllers/sopssecret_controller.go:292.16,303.3 4 0
github.com/snapp-incubator/sops-operator/controllers/sopssecret_controller.go:309.91,312.38 1 1
github.com/snapp-incubator/sops-operator/controllers/sopssecret_controller.go:324.2,324.14 1 1
github.com/snapp-incubator/sops-operator/controllers/sopssecret_controller.go:312.38,322.3 4 0
github.com/snapp-incubator/sops-operator/controllers/sopssecret_controller.go:328.101,333.16 3 1
github.com/snapp-incubator/sops-operator/controllers/sopssecret_controller.go:354.2,354.40 1 1
github.com/snapp-incubator/sops-operator/controllers/sopssecret_controller.go:333.16,334.29 1 1
github.com/snapp-incubator/sops-operator/controllers/sopssecret_controller.go:347.3,352.24 2 0
github.com/snapp-incubator/sops-operator/controllers/sopssecret_controller.go:334.29,344.4 2 1
github.com/snapp-incubator/sops-operator/controllers/sopssecret_controller.go:358.57,360.2 1 1
github.com/snapp-incubator/sops-operator/controllers/sopssecret_controller.go:363.73,369.37 2 1
github.com/snapp-incubator/sops-operator/controllers/sopssecret_controller.go:373.2,376.14 1 1
github.com/snapp-incubator/sops-operator/controllers/sopssecret_controller.go:369.37,371.3 1 1
github.com/snapp-incubator/sops-operator/controllers/sopssecret_controller.go:384.27,385.35 1 1
github.com/snapp-incubator/sops-operator/controllers/sopssecret_controller.go:389.2,390.16 2 1
github.com/snapp-incubator/sops-operator/controllers/sopssecret_controller.go:394.2,415.20 6 1
github.com/snapp-incubator/sops-operator/controllers/sopssecret_controller.go:385.35,387.3 1 0
github.com/snapp-incubator/sops-operator/controllers/sopssecret_controller.go:390.16,392.3 1 0
github.com/snapp-incubator/sops-operator/controllers/sopssecret_controller.go:418.59,421.33 2 1
github.com/snapp-incubator/sops-operator/controllers/sopssecret_controller.go:425.2,425.15 1 1
github.com/snapp-incubator/sops-operator/controllers/sopssecret_controller.go:421.33,423.3 1 1
github.com/snapp-incubator/sops-operator/controllers/sopssecret_controller.go:429.105,431.31 2 1
github.com/snapp-incubator/sops-operator/controllers/sopssecret_controller.go:438.2,438.21 1 1
github.com/snapp-incubator/sops-operator/controllers/sopssecret_controller.go:431.31,433.17 2 1
github.com/snapp-incubator/sops-operator/controllers/sopssecret_controller.go:436.3,436.33 1 1
github.com/snapp-incubator/sops-operator/controllers/sopssecret_controller.go:433.17,435.4 1 0
github.com/snapp-incubator/sops-operator/controllers/sopssecret_controller.go:441.65,444.28 2 1
github.com/snapp-incubator/sops-operator/controllers/sopssecret_controller.go:463.2,463.23 1 1
github.com/snapp-incubator/sops-operator/controllers/sopssecret_controller.go:445.45,446.56 1 0
github.com/snapp-incubator/sops-operator/controllers/sopssecret_controller.go:447.33,448.46 1 0
github.com/snapp-incubator/sops-operator/controllers/sopssecret_controller.go:449.40,450.53 1 0
github.com/snapp-incubator/sops-operator/controllers/sopssecret_controller.go:451.34,452.46 1 0
github.com/snapp-incubator/sops-operator/controllers/sopssecret_controller.go:453.32,454.44 1 0
github.com/snapp-incubator/sops-operator/controllers/sopssecret_controller.go:455.27,456.40 1 0
github.com/snapp-incubator/sops-operator/controllers/sopssecret_controller.go:457.39,458.51 1 0
github.com/snapp-incubator/sops-operator/controllers/sopssecret_controller.go:459.10,460.43 1 1
github.com/snapp-incubator/sops-operator/controllers/sopssecret_controller.go:471.57,473.16 2 1
github.com/snapp-incubator/sops-operator/controllers/sopssecret_controller.go:482.2,483.16 2 1
github.com/snapp-incubator/sops-operator/controllers/sopssecret_controller.go:492.2,494.16 3 1
github.com/snapp-incubator/sops-operator/controllers/sopssecret_controller.go:503.2,503.33 1 1
github.com/snapp-incubator/sops-operator/controllers/sopssecret_controller.go:473.16,480.3 2 0
github.com/snapp-incubator/sops-operator/controllers/sopssecret_controller.go:483.16,490.3 2 0
github.com/snapp-incubator/sops-operator/controllers/sopssecret_controller.go:494.16,501.3 2 0
github.com/snapp-incubator/sops-operator/controllers/sopssecret_controller.go:512.101,516.16 2 1
github.com/snapp-incubator/sops-operator/controllers/sopssecret_controller.go:528.2,529.16 2 1
github.com/snapp-incubator/sops-operator/controllers/sopssecret_controller.go:533.2,534.45 2 1
github.com/snapp-incubator/sops-operator/controllers/sopssecret_controller.go:537.2,537.16 1 1
github.com/snapp-incubator/sops-operator/controllers/sopssecret_controller.go:542.2,544.16 3 1
github.com/snapp-incubator/sops-operator/controllers/sopssecret_controller.go:548.2,548.43 1 1
github.com/snapp-incubator/sops-operator/controllers/sopssecret_controller.go:517.14,518.28 1 1
github.com/snapp-incubator/sops-operator/controllers/sopssecret_controller.go:519.14,520.28 1 0
github.com/snapp-incubator/sops-operator/controllers/sopssecret_controller.go:521.16,522.30 1 0
github.com/snapp-incubator/sops-operator/controllers/sopssecret_controller.go:523.10,524.34 1 0
github.com/snapp-incubator/sops-operator/controllers/sopssecret_controller.go:529.16,531.3 1 0
github.com/snapp-incubator/sops-operator/controllers/sopssecret_controller.go:534.45,536.3 1 0
github.com/snapp-incubator/sops-operator/controllers/sopssecret_controller.go:537.16,539.3 1 0
github.com/snapp-incubator/sops-operator/controllers/sopssecret_controller.go:544.16,546.3 1 0
